make all --print-data-base --no-builtin-variables --no-builtin-rules --question
# GNU Make 3.81
# Copyright (C) 2006  Free Software Foundation, Inc.
# This is free software; see the source for copying conditions.
# There is NO warranty; not even for MERCHANTABILITY or FITNESS FOR A
# PARTICULAR PURPOSE.

# This program built for i386-apple-darwin11.3.0
 
make: *** No rule to make target `all'.  Stop.


# Make data base, printed on Wed Aug 17 21:43:44 2022

# Variables

# automatic
<D = $(patsubst %/,%,$(dir $<))
# automatic
?F = $(notdir $?)
# environment
VSCODE_LOG_NATIVE = false
# automatic
?D = $(patsubst %/,%,$(dir $?))
# automatic
@D = $(patsubst %/,%,$(dir $@))
# automatic
@F = $(notdir $@)
# makefile
CURDIR := /Users/s17161/go/src/test_environment
# makefile
SHELL = /bin/sh
# environment
VSCODE_NLS_CONFIG = {"locale":"ja","availableLanguages":{"*":"ja"},"_languagePackId":"f5b8523d60216379ef9ba6dc243eb093.ja","_translationsConfigFile":"/Users/s17161/Library/Application Support/Code/clp/f5b8523d60216379ef9ba6dc243eb093.ja/tcf.json","_cacheRoot":"/Users/s17161/Library/Application Support/Code/clp/f5b8523d60216379ef9ba6dc243eb093.ja","_resolvedLanguagePackCoreLocation":"/Users/s17161/Library/Application Support/Code/clp/f5b8523d60216379ef9ba6dc243eb093.ja/57fd6d0195bb9b9d1b49f6da5db789060795de47","_corruptedFile":"/Users/s17161/Library/Application Support/Code/clp/f5b8523d60216379ef9ba6dc243eb093.ja/corrupted.info","_languagePackSupport":true}
# environment
_ = /usr/bin/make
# makefile (from `Makefile', line 1)
MAKEFILE_LIST :=  Makefile
# environment
VSCODE_AMD_ENTRYPOINT = vs/workbench/api/node/extensionHostProcess
# environment
VSCODE_VERBOSE_LOGGING = true
# environment
__CFBundleIdentifier = com.microsoft.VSCode
# environment
VSCODE_IPC_HOOK_EXTHOST = /var/folders/0c/jw92mdsj07lb8qdk4bcjdflm1k7j4_/T/vscode-ipc-5eb4c865-155f-486f-8465-b72dc33f7340.sock
# environment
VSCODE_CWD = /
# environment
GOPROXY = https://proxy.golang.org,direct
# environment
PATH = /Users/s17161/.nodebrew/current/bin:/Users/s17161/.nodebrew/current/bin:/Users/s17161/google-cloud-sdk/bin:/usr/local/bin:/usr/bin:/bin:/usr/sbin:/sbin
# environment
GOPATH = /Users/s17161/go
# environment
VSCODE_LOG_STACK = false
# environment
ELECTRON_RUN_AS_NODE = 1
# default
.FEATURES := target-specific order-only second-expansion else-if archives jobserver check-symlink
# environment
SSH_AUTH_SOCK = /private/tmp/com.apple.launchd.6PoNkGSND4/Listeners
# automatic
%F = $(notdir $%)
# environment
VSCODE_PIPE_LOGGING = true
# environment
PWD = /Users/s17161/go/src/test_environment
# environment
ORIGINAL_XDG_CURRENT_DESKTOP = undefined
# environment
GOMODCACHE = /Users/s17161/go/pkg/mod
# environment
HOME = /Users/s17161
# default
MAKEFILEPATH = $(shell /usr/bin/xcode-select -print-path 2>/dev/null || echo /Developer)/Makefiles
# environment
VSCODE_CODE_CACHE_PATH = /Users/s17161/Library/Application Support/Code/CachedData/57fd6d0195bb9b9d1b49f6da5db789060795de47
# environment
LOGNAME = s17161
# environment
APPLICATION_INSIGHTS_NO_DIAGNOSTIC_CHANNEL = 1
# environment
VSCODE_HANDLES_UNCAUGHT_ERRORS = true
# automatic
^D = $(patsubst %/,%,$(dir $^))
# environment
XPC_FLAGS = 0x0
# default
MAKE = $(MAKE_COMMAND)
# default
MAKECMDGOALS := all
# environment
SHLVL = 2
# default
MAKE_VERSION := 3.81
# environment
USER = s17161
# makefile
.DEFAULT_GOAL := gopher
# automatic
%D = $(patsubst %/,%,$(dir $%))
# default
MAKE_COMMAND := /Library/Developer/CommandLineTools/usr/bin/make
# makefile (from `Makefile', line 3)
GOPHER = 'ʕ◔ϖ◔ Fight!'
# default
.VARIABLES := 
# environment
TMPDIR = /var/folders/0c/jw92mdsj07lb8qdk4bcjdflm1k7j4_/T/
# automatic
*F = $(notdir $*)
# environment
VSCODE_IPC_HOOK = /Users/s17161/Library/Application Support/Code/1.67.0-main.sock
# makefile
MAKEFLAGS = Rrqp
# environment
MFLAGS = -Rrqp
# automatic
*D = $(patsubst %/,%,$(dir $*))
# environment
XPC_SERVICE_NAME = application.com.microsoft.VSCode.12523739.12523745
# automatic
+D = $(patsubst %/,%,$(dir $+))
# automatic
+F = $(notdir $+)
# environment
__CF_USER_TEXT_ENCODING = 0x323C48A:0x1:0xE
# environment
COMMAND_MODE = unix2003
# default
MAKEFILES := 
# automatic
<F = $(notdir $<)
# environment
LC_ALL = C
# automatic
^F = $(notdir $^)
# default
SUFFIXES := 
# default
.INCLUDE_DIRS = /usr/local/include
# environment
MAKELEVEL := 0
# environment
LANG = C
# environment
VSCODE_PID = 2800
# variable set hash-table stats:
# Load=66/1024=6%, Rehash=0, Collisions=2/90=2%

# Pattern-specific Variable Values

# No pattern-specific variable values.

# Directories

# . (device 16777225, inode 5611866): 14 files, no impossibilities.

# 14 files, no impossibilities in 1 directories.

# Implicit Rules

# No implicit rules.

# Files

# Not a target:
all:
#  Command-line target.
#  Implicit rule search has been done.
#  File does not exist.
#  File has not been updated.
# variable set hash-table stats:
# Load=0/32=0%, Rehash=0, Collisions=0/0=0%

.PHONY: clean-proto full gopher protoc format-proto
#  Implicit rule search has not been done.
#  Modification time never checked.
#  File has not been updated.

protoc:
#  Phony target (prerequisite of .PHONY).
#  Implicit rule search has not been done.
#  File does not exist.
#  File has not been updated.
#  commands to execute (from `Makefile', line 14):
	protoc -I . --go_out=plugins=grpc:${GOPATH}/src/test_environment --go_opt paths=source_relative ./*/proto/*.proto
	

# Not a target:
.SUFFIXES:
#  Implicit rule search has not been done.
#  Modification time never checked.
#  File has not been updated.

# Not a target:
Makefile:
#  Implicit rule search has been done.
#  Last modified 2022-06-11 14:49:01
#  File has been updated.
#  Successfully updated.
# variable set hash-table stats:
# Load=0/32=0%, Rehash=0, Collisions=0/0=0%

full:
#  Phony target (prerequisite of .PHONY).
#  Implicit rule search has not been done.
#  File does not exist.
#  File has not been updated.
#  commands to execute (from `Makefile', line 8):
	make format-proto
	make clean-proto
	make protoc
	@echo ${GOPHER}
	

format-proto:
#  Phony target (prerequisite of .PHONY).
#  Implicit rule search has not been done.
#  File does not exist.
#  File has not been updated.
#  commands to execute (from `Makefile', line 20):
	clang-format -i */proto/*.proto
	

# Not a target:
.DEFAULT:
#  Implicit rule search has not been done.
#  Modification time never checked.
#  File has not been updated.

gopher:
#  Phony target (prerequisite of .PHONY).
#  Implicit rule search has not been done.
#  File does not exist.
#  File has not been updated.
#  commands to execute (from `Makefile', line 5):
	@echo ${GOPHER}
	

clean-proto:
#  Phony target (prerequisite of .PHONY).
#  Implicit rule search has not been done.
#  File does not exist.
#  File has not been updated.
#  commands to execute (from `Makefile', line 17):
	find ${CURDIR}/*/proto -name *.pb.go | xargs rm -f
	

# files hash-table stats:
# Load=10/1024=1%, Rehash=0, Collisions=0/27=0%
# VPATH Search Paths

# No `vpath' search paths.

# No general (`VPATH' variable) search path.

# # of strings in strcache: 1
# # of strcache buffers: 1
# strcache size: total = 4096 / max = 4096 / min = 4096 / avg = 4096
# strcache free: total = 4087 / max = 4087 / min = 4087 / avg = 4087

# Finished Make data base on Wed Aug 17 21:43:44 2022

 
